<?xml version="1.0" encoding="UTF-8"?>
<!-- Generated by org.testng.reporters.JUnitReportReporter -->
<testsuite hostname="LAPTOP-7FB3PP7D" failures="0" tests="4" name="testRunner.TestRunner" time="0.181" errors="0" timestamp="2021-12-28T12:27:11 IST" skipped="0">
  <testcase classname="testRunner.TestRunner" name="runScenario" time="0.016"/>
  <system-out/>
  <testcase classname="testRunner.TestRunner" name="runScenario" time="0.130"/>
  <system-out/>
  <testcase classname="testRunner.TestRunner" name="runScenario" time="0.020"/>
  <system-out/>
  <testcase classname="testRunner.TestRunner" name="runScenario" time="0.015"/>
  <system-out/>
</testsuite> <!-- testRunner.TestRunner -->
